2014/01/09 12:48:05 [error] [exception.CHttpException.404] exception 'CHttpException' with message 'Unable to resolve the request "gii".' in /var/www/yiiFramework/framework/web/CWebApplication.php:286
Stack trace:
#0 /var/www/yiiFramework/framework/web/CWebApplication.php(141): CWebApplication->runController('gii')
#1 /var/www/yiiFramework/framework/base/CApplication.php(180): CWebApplication->processRequest()
#2 /var/www/poaSalud/index.php(13): CApplication->run()
#3 {main}
REQUEST_URI=/poaSalud/index.php?r=gii
---
2014/01/09 13:32:55 [error] [exception.CException] exception 'CException' with message 'CAssetManager.basePath "/var/www/poaSalud/assets" is invalid. Please make sure the directory exists and is writable by the Web server process.' in /var/www/yiiFramework/framework/web/CAssetManager.php:138
Stack trace:
#0 /var/www/yiiFramework/framework/web/CAssetManager.php(123): CAssetManager->setBasePath('/var/www/poaSal...')
#1 /var/www/yiiFramework/framework/web/CAssetManager.php(217): CAssetManager->getBasePath()
#2 /var/www/yiiFramework/framework/gii/GiiModule.php(143): CAssetManager->publish('/var/www/yiiFra...')
#3 /var/www/yiiFramework/framework/base/CComponent.php(111): GiiModule->getAssetsUrl()
#4 /var/www/yiiFramework/framework/base/CModule.php(105): CComponent->__get('assetsUrl')
#5 /var/www/yiiFramework/framework/gii/views/layouts/main.php(5): CModule->__get('assetsUrl')
#6 /var/www/yiiFramework/framework/web/CBaseController.php(126): require('/var/www/yiiFra...')
#7 /var/www/yiiFramework/framework/web/CBaseController.php(95): CBaseController->renderInternal('/var/www/yiiFra...', Array, true)
#8 /var/www/yiiFramework/framework/web/widgets/CContentDecorator.php(76): CBaseController->renderFile('/var/www/yiiFra...', Array, true)
#9 /var/www/yiiFramework/framework/web/widgets/CContentDecorator.php(54): CContentDecorator->decorate('<div class="con...')
#10 /var/www/yiiFramework/framework/web/widgets/COutputProcessor.php(44): CContentDecorator->processOutput('<div class="con...')
#11 /var/www/yiiFramework/framework/web/CBaseController.php(206): COutputProcessor->run()
#12 /var/www/yiiFramework/framework/web/CBaseController.php(300): CBaseController->endWidget('CContentDecorat...')
#13 /var/www/yiiFramework/framework/gii/views/layouts/column1.php(7): CBaseController->endContent()
#14 /var/www/yiiFramework/framework/web/CBaseController.php(126): require('/var/www/yiiFra...')
#15 /var/www/yiiFramework/framework/web/CBaseController.php(95): CBaseController->renderInternal('/var/www/yiiFra...', Array, true)
#16 /var/www/yiiFramework/framework/web/CController.php(784): CBaseController->renderFile('/var/www/yiiFra...', Array, true)
#17 /var/www/yiiFramework/framework/gii/controllers/DefaultController.php(17): CController->render('index')
#18 /var/www/yiiFramework/framework/web/actions/CInlineAction.php(49): DefaultController->actionIndex()
#19 /var/www/yiiFramework/framework/web/CController.php(308): CInlineAction->runWithParams(Array)
#20 /var/www/yiiFramework/framework/web/CController.php(286): CController->runAction(Object(CInlineAction))
#21 /var/www/yiiFramework/framework/web/CController.php(265): CController->runActionWithFilters(Object(CInlineAction), Array)
#22 /var/www/yiiFramework/framework/web/CWebApplication.php(282): CController->run('')
#23 /var/www/yiiFramework/framework/web/CWebApplication.php(141): CWebApplication->runController('gii')
#24 /var/www/yiiFramework/framework/base/CApplication.php(180): CWebApplication->processRequest()
#25 /var/www/poaSalud/index.php(13): CApplication->run()
#26 {main}
REQUEST_URI=/poaSalud/gii
---
2014/01/10 10:07:18 [error] [exception.CDbException] exception 'CDbException' with message 'CDbConnection failed to open the DB connection: SQLSTATE[08006] [7] FATAL:  role "usrpoa" is not permitted to log in' in /var/www/yiiFramework/framework/db/CDbConnection.php:382
Stack trace:
#0 /var/www/yiiFramework/framework/db/CDbConnection.php(330): CDbConnection->open()
#1 /var/www/yiiFramework/framework/db/CDbConnection.php(308): CDbConnection->setActive(true)
#2 /var/www/yiiFramework/framework/base/CModule.php(387): CDbConnection->init()
#3 /var/www/yiiFramework/framework/base/CModule.php(103): CModule->getComponent('db')
#4 /var/www/yiiFramework/framework/gii/generators/model/ModelCode.php(60): CModule->__get('db')
#5 /var/www/yiiFramework/framework/web/CFormModel.php(39): ModelCode->init()
#6 /var/www/yiiFramework/framework/gii/CCodeGenerator.php(153): CFormModel->__construct()
#7 /var/www/yiiFramework/framework/gii/CCodeGenerator.php(63): CCodeGenerator->prepare()
#8 /var/www/yiiFramework/framework/web/actions/CInlineAction.php(49): CCodeGenerator->actionIndex()
#9 /var/www/yiiFramework/framework/web/CController.php(308): CInlineAction->runWithParams(Array)
#10 /var/www/yiiFramework/framework/web/CController.php(286): CController->runAction(Object(CInlineAction))
#11 /var/www/yiiFramework/framework/web/CController.php(265): CController->runActionWithFilters(Object(CInlineAction), Array)
#12 /var/www/yiiFramework/framework/web/CWebApplication.php(282): CController->run('index')
#13 /var/www/yiiFramework/framework/web/CWebApplication.php(141): CWebApplication->runController('gii/model/index')
#14 /var/www/yiiFramework/framework/base/CApplication.php(180): CWebApplication->processRequest()
#15 /var/www/poayii/index.php(13): CApplication->run()
#16 {main}
REQUEST_URI=/poayii/gii/model/index
HTTP_REFERER=http://localhost/poayii/gii/default/index
---
2014/01/10 10:24:40 [error] [system.db.CDbCommand] CDbCommand::fetchColumn() failed: SQLSTATE[42501]: Insufficient privilege: 7 ERROR:  permission denied for relation tbl_caratula_poa. The SQL statement executed was: SELECT COUNT(*) FROM "tbl_caratula_poa" "t".
in /var/www/poayii/protected/views/caratulaPoa/index.php (20)
in /var/www/poayii/protected/controllers/CaratulaPoaController.php (152)
in /var/www/poayii/index.php (13)
2014/01/10 10:24:40 [error] [exception.CDbException] exception 'CDbException' with message 'CDbCommand failed to execute the SQL statement: SQLSTATE[42501]: Insufficient privilege: 7 ERROR:  permission denied for relation tbl_caratula_poa. The SQL statement executed was: SELECT COUNT(*) FROM "tbl_caratula_poa" "t"' in /var/www/yiiFramework/framework/db/CDbCommand.php:543
Stack trace:
#0 /var/www/yiiFramework/framework/db/CDbCommand.php(433): CDbCommand->queryInternal('fetchColumn', 0, Array)
#1 /var/www/yiiFramework/framework/db/ar/CActiveRecord.php(1601): CDbCommand->queryScalar()
#2 /var/www/yiiFramework/framework/web/CActiveDataProvider.php(228): CActiveRecord->count(Object(CDbCriteria))
#3 /var/www/yiiFramework/framework/web/CDataProvider.php(224): CActiveDataProvider->calculateTotalItemCount()
#4 /var/www/yiiFramework/framework/web/CActiveDataProvider.php(178): CDataProvider->getTotalItemCount()
#5 /var/www/yiiFramework/framework/web/CDataProvider.php(168): CActiveDataProvider->fetchData()
#6 /var/www/yiiFramework/framework/zii/widgets/CBaseListView.php(111): CDataProvider->getData()
#7 /var/www/yiiFramework/framework/zii/widgets/CListView.php(211): CBaseListView->init()
#8 /var/www/yiiFramework/framework/web/CBaseController.php(147): CListView->init()
#9 /var/www/yiiFramework/framework/web/CBaseController.php(172): CBaseController->createWidget('zii.widgets.CLi...', Array)
#10 /var/www/poayii/protected/views/caratulaPoa/index.php(20): CBaseController->widget('zii.widgets.CLi...', Array)
#11 /var/www/yiiFramework/framework/web/CBaseController.php(126): require('/var/www/poayii...')
#12 /var/www/yiiFramework/framework/web/CBaseController.php(95): CBaseController->renderInternal('/var/www/poayii...', Array, true)
#13 /var/www/yiiFramework/framework/web/CController.php(869): CBaseController->renderFile('/var/www/poayii...', Array, true)
#14 /var/www/yiiFramework/framework/web/CController.php(782): CController->renderPartial('index', Array, true)
#15 /var/www/poayii/protected/controllers/CaratulaPoaController.php(152): CController->render('index', Array)
#16 /var/www/yiiFramework/framework/web/actions/CInlineAction.php(49): CaratulaPoaController->actionIndex()
#17 /var/www/yiiFramework/framework/web/CController.php(308): CInlineAction->runWithParams(Array)
#18 /var/www/yiiFramework/framework/web/filters/CFilterChain.php(133): CController->runAction(Object(CInlineAction))
#19 /var/www/yiiFramework/framework/web/filters/CFilter.php(40): CFilterChain->run()
#20 /var/www/yiiFramework/framework/web/CController.php(1145): CFilter->filter(Object(CFilterChain))
#21 /var/www/yiiFramework/framework/web/filters/CInlineFilter.php(58): CController->filterAccessControl(Object(CFilterChain))
#22 /var/www/yiiFramework/framework/web/filters/CFilterChain.php(130): CInlineFilter->filter(Object(CFilterChain))
#23 /var/www/yiiFramework/framework/web/CController.php(291): CFilterChain->run()
#24 /var/www/yiiFramework/framework/web/CController.php(265): CController->runActionWithFilters(Object(CInlineAction), Array)
#25 /var/www/yiiFramework/framework/web/CWebApplication.php(282): CController->run('')
#26 /var/www/yiiFramework/framework/web/CWebApplication.php(141): CWebApplication->runController('caratulaPoa')
#27 /var/www/yiiFramework/framework/base/CApplication.php(180): CWebApplication->processRequest()
#28 /var/www/poayii/index.php(13): CApplication->run()
#29 {main}
REQUEST_URI=/poayii/caratulaPoa
HTTP_REFERER=http://localhost/poayii/gii/crud/index
---
2014/01/10 10:25:07 [error] [system.db.CDbCommand] CDbCommand::fetchColumn() failed: SQLSTATE[42501]: Insufficient privilege: 7 ERROR:  permission denied for relation tbl_caratula_poa. The SQL statement executed was: SELECT COUNT(*) FROM "tbl_caratula_poa" "t".
in /var/www/poayii/protected/views/caratulaPoa/index.php (20)
in /var/www/poayii/protected/controllers/CaratulaPoaController.php (152)
in /var/www/poayii/index.php (13)
2014/01/10 10:25:07 [error] [exception.CDbException] exception 'CDbException' with message 'CDbCommand failed to execute the SQL statement: SQLSTATE[42501]: Insufficient privilege: 7 ERROR:  permission denied for relation tbl_caratula_poa. The SQL statement executed was: SELECT COUNT(*) FROM "tbl_caratula_poa" "t"' in /var/www/yiiFramework/framework/db/CDbCommand.php:543
Stack trace:
#0 /var/www/yiiFramework/framework/db/CDbCommand.php(433): CDbCommand->queryInternal('fetchColumn', 0, Array)
#1 /var/www/yiiFramework/framework/db/ar/CActiveRecord.php(1601): CDbCommand->queryScalar()
#2 /var/www/yiiFramework/framework/web/CActiveDataProvider.php(228): CActiveRecord->count(Object(CDbCriteria))
#3 /var/www/yiiFramework/framework/web/CDataProvider.php(224): CActiveDataProvider->calculateTotalItemCount()
#4 /var/www/yiiFramework/framework/web/CActiveDataProvider.php(178): CDataProvider->getTotalItemCount()
#5 /var/www/yiiFramework/framework/web/CDataProvider.php(168): CActiveDataProvider->fetchData()
#6 /var/www/yiiFramework/framework/zii/widgets/CBaseListView.php(111): CDataProvider->getData()
#7 /var/www/yiiFramework/framework/zii/widgets/CListView.php(211): CBaseListView->init()
#8 /var/www/yiiFramework/framework/web/CBaseController.php(147): CListView->init()
#9 /var/www/yiiFramework/framework/web/CBaseController.php(172): CBaseController->createWidget('zii.widgets.CLi...', Array)
#10 /var/www/poayii/protected/views/caratulaPoa/index.php(20): CBaseController->widget('zii.widgets.CLi...', Array)
#11 /var/www/yiiFramework/framework/web/CBaseController.php(126): require('/var/www/poayii...')
#12 /var/www/yiiFramework/framework/web/CBaseController.php(95): CBaseController->renderInternal('/var/www/poayii...', Array, true)
#13 /var/www/yiiFramework/framework/web/CController.php(869): CBaseController->renderFile('/var/www/poayii...', Array, true)
#14 /var/www/yiiFramework/framework/web/CController.php(782): CController->renderPartial('index', Array, true)
#15 /var/www/poayii/protected/controllers/CaratulaPoaController.php(152): CController->render('index', Array)
#16 /var/www/yiiFramework/framework/web/actions/CInlineAction.php(49): CaratulaPoaController->actionIndex()
#17 /var/www/yiiFramework/framework/web/CController.php(308): CInlineAction->runWithParams(Array)
#18 /var/www/yiiFramework/framework/web/filters/CFilterChain.php(133): CController->runAction(Object(CInlineAction))
#19 /var/www/yiiFramework/framework/web/filters/CFilter.php(40): CFilterChain->run()
#20 /var/www/yiiFramework/framework/web/CController.php(1145): CFilter->filter(Object(CFilterChain))
#21 /var/www/yiiFramework/framework/web/filters/CInlineFilter.php(58): CController->filterAccessControl(Object(CFilterChain))
#22 /var/www/yiiFramework/framework/web/filters/CFilterChain.php(130): CInlineFilter->filter(Object(CFilterChain))
#23 /var/www/yiiFramework/framework/web/CController.php(291): CFilterChain->run()
#24 /var/www/yiiFramework/framework/web/CController.php(265): CController->runActionWithFilters(Object(CInlineAction), Array)
#25 /var/www/yiiFramework/framework/web/CWebApplication.php(282): CController->run('')
#26 /var/www/yiiFramework/framework/web/CWebApplication.php(141): CWebApplication->runController('caratulaPoa')
#27 /var/www/yiiFramework/framework/base/CApplication.php(180): CWebApplication->processRequest()
#28 /var/www/poayii/index.php(13): CApplication->run()
#29 {main}
REQUEST_URI=/poayii/caratulaPoa
HTTP_REFERER=http://localhost/poayii/gii/crud/index
---
2014/01/10 10:25:58 [error] [exception.CDbException] exception 'CDbException' with message 'CDbConnection failed to open the DB connection: SQLSTATE[08006] [7] FATAL:  password authentication failed for user "usrpoa"
FATAL:  password authentication failed for user "usrpoa"' in /var/www/yiiFramework/framework/db/CDbConnection.php:382
Stack trace:
#0 /var/www/yiiFramework/framework/db/CDbConnection.php(330): CDbConnection->open()
#1 /var/www/yiiFramework/framework/db/CDbConnection.php(308): CDbConnection->setActive(true)
#2 /var/www/yiiFramework/framework/base/CModule.php(387): CDbConnection->init()
#3 /var/www/yiiFramework/framework/base/CApplication.php(450): CModule->getComponent('db')
#4 /var/www/yiiFramework/framework/db/ar/CActiveRecord.php(634): CApplication->getDb()
#5 /var/www/yiiFramework/framework/db/ar/CActiveRecord.php(667): CActiveRecord->getDbConnection()
#6 /var/www/yiiFramework/framework/db/ar/CActiveRecord.php(1595): CActiveRecord->getCommandBuilder()
#7 /var/www/yiiFramework/framework/web/CActiveDataProvider.php(228): CActiveRecord->count(Object(CDbCriteria))
#8 /var/www/yiiFramework/framework/web/CDataProvider.php(224): CActiveDataProvider->calculateTotalItemCount()
#9 /var/www/yiiFramework/framework/web/CActiveDataProvider.php(178): CDataProvider->getTotalItemCount()
#10 /var/www/yiiFramework/framework/web/CDataProvider.php(168): CActiveDataProvider->fetchData()
#11 /var/www/yiiFramework/framework/zii/widgets/CBaseListView.php(111): CDataProvider->getData()
#12 /var/www/yiiFramework/framework/zii/widgets/CListView.php(211): CBaseListView->init()
#13 /var/www/yiiFramework/framework/web/CBaseController.php(147): CListView->init()
#14 /var/www/yiiFramework/framework/web/CBaseController.php(172): CBaseController->createWidget('zii.widgets.CLi...', Array)
#15 /var/www/poayii/protected/views/caratulaPoa/index.php(20): CBaseController->widget('zii.widgets.CLi...', Array)
#16 /var/www/yiiFramework/framework/web/CBaseController.php(126): require('/var/www/poayii...')
#17 /var/www/yiiFramework/framework/web/CBaseController.php(95): CBaseController->renderInternal('/var/www/poayii...', Array, true)
#18 /var/www/yiiFramework/framework/web/CController.php(869): CBaseController->renderFile('/var/www/poayii...', Array, true)
#19 /var/www/yiiFramework/framework/web/CController.php(782): CController->renderPartial('index', Array, true)
#20 /var/www/poayii/protected/controllers/CaratulaPoaController.php(152): CController->render('index', Array)
#21 /var/www/yiiFramework/framework/web/actions/CInlineAction.php(49): CaratulaPoaController->actionIndex()
#22 /var/www/yiiFramework/framework/web/CController.php(308): CInlineAction->runWithParams(Array)
#23 /var/www/yiiFramework/framework/web/filters/CFilterChain.php(133): CController->runAction(Object(CInlineAction))
#24 /var/www/yiiFramework/framework/web/filters/CFilter.php(40): CFilterChain->run()
#25 /var/www/yiiFramework/framework/web/CController.php(1145): CFilter->filter(Object(CFilterChain))
#26 /var/www/yiiFramework/framework/web/filters/CInlineFilter.php(58): CController->filterAccessControl(Object(CFilterChain))
#27 /var/www/yiiFramework/framework/web/filters/CFilterChain.php(130): CInlineFilter->filter(Object(CFilterChain))
#28 /var/www/yiiFramework/framework/web/CController.php(291): CFilterChain->run()
#29 /var/www/yiiFramework/framework/web/CController.php(265): CController->runActionWithFilters(Object(CInlineAction), Array)
#30 /var/www/yiiFramework/framework/web/CWebApplication.php(282): CController->run('')
#31 /var/www/yiiFramework/framework/web/CWebApplication.php(141): CWebApplication->runController('caratulaPoa')
#32 /var/www/yiiFramework/framework/base/CApplication.php(180): CWebApplication->processRequest()
#33 /var/www/poayii/index.php(13): CApplication->run()
#34 {main}
REQUEST_URI=/poayii/caratulaPoa
HTTP_REFERER=http://localhost/poayii/gii/crud/index
---
2014/01/10 10:26:24 [error] [exception.CDbException] exception 'CDbException' with message 'CDbConnection failed to open the DB connection: SQLSTATE[08006] [7] FATAL:  password authentication failed for user "usrpoa"
FATAL:  password authentication failed for user "usrpoa"' in /var/www/yiiFramework/framework/db/CDbConnection.php:382
Stack trace:
#0 /var/www/yiiFramework/framework/db/CDbConnection.php(330): CDbConnection->open()
#1 /var/www/yiiFramework/framework/db/CDbConnection.php(308): CDbConnection->setActive(true)
#2 /var/www/yiiFramework/framework/base/CModule.php(387): CDbConnection->init()
#3 /var/www/yiiFramework/framework/base/CApplication.php(450): CModule->getComponent('db')
#4 /var/www/yiiFramework/framework/db/ar/CActiveRecord.php(634): CApplication->getDb()
#5 /var/www/yiiFramework/framework/db/ar/CActiveRecord.php(667): CActiveRecord->getDbConnection()
#6 /var/www/yiiFramework/framework/db/ar/CActiveRecord.php(1595): CActiveRecord->getCommandBuilder()
#7 /var/www/yiiFramework/framework/web/CActiveDataProvider.php(228): CActiveRecord->count(Object(CDbCriteria))
#8 /var/www/yiiFramework/framework/web/CDataProvider.php(224): CActiveDataProvider->calculateTotalItemCount()
#9 /var/www/yiiFramework/framework/web/CActiveDataProvider.php(178): CDataProvider->getTotalItemCount()
#10 /var/www/yiiFramework/framework/web/CDataProvider.php(168): CActiveDataProvider->fetchData()
#11 /var/www/yiiFramework/framework/zii/widgets/CBaseListView.php(111): CDataProvider->getData()
#12 /var/www/yiiFramework/framework/zii/widgets/CListView.php(211): CBaseListView->init()
#13 /var/www/yiiFramework/framework/web/CBaseController.php(147): CListView->init()
#14 /var/www/yiiFramework/framework/web/CBaseController.php(172): CBaseController->createWidget('zii.widgets.CLi...', Array)
#15 /var/www/poayii/protected/views/caratulaPoa/index.php(20): CBaseController->widget('zii.widgets.CLi...', Array)
#16 /var/www/yiiFramework/framework/web/CBaseController.php(126): require('/var/www/poayii...')
#17 /var/www/yiiFramework/framework/web/CBaseController.php(95): CBaseController->renderInternal('/var/www/poayii...', Array, true)
#18 /var/www/yiiFramework/framework/web/CController.php(869): CBaseController->renderFile('/var/www/poayii...', Array, true)
#19 /var/www/yiiFramework/framework/web/CController.php(782): CController->renderPartial('index', Array, true)
#20 /var/www/poayii/protected/controllers/CaratulaPoaController.php(152): CController->render('index', Array)
#21 /var/www/yiiFramework/framework/web/actions/CInlineAction.php(49): CaratulaPoaController->actionIndex()
#22 /var/www/yiiFramework/framework/web/CController.php(308): CInlineAction->runWithParams(Array)
#23 /var/www/yiiFramework/framework/web/filters/CFilterChain.php(133): CController->runAction(Object(CInlineAction))
#24 /var/www/yiiFramework/framework/web/filters/CFilter.php(40): CFilterChain->run()
#25 /var/www/yiiFramework/framework/web/CController.php(1145): CFilter->filter(Object(CFilterChain))
#26 /var/www/yiiFramework/framework/web/filters/CInlineFilter.php(58): CController->filterAccessControl(Object(CFilterChain))
#27 /var/www/yiiFramework/framework/web/filters/CFilterChain.php(130): CInlineFilter->filter(Object(CFilterChain))
#28 /var/www/yiiFramework/framework/web/CController.php(291): CFilterChain->run()
#29 /var/www/yiiFramework/framework/web/CController.php(265): CController->runActionWithFilters(Object(CInlineAction), Array)
#30 /var/www/yiiFramework/framework/web/CWebApplication.php(282): CController->run('')
#31 /var/www/yiiFramework/framework/web/CWebApplication.php(141): CWebApplication->runController('caratulaPoa')
#32 /var/www/yiiFramework/framework/base/CApplication.php(180): CWebApplication->processRequest()
#33 /var/www/poayii/index.php(13): CApplication->run()
#34 {main}
REQUEST_URI=/poayii/caratulaPoa
HTTP_REFERER=http://localhost/poayii/gii/crud/index
---
2014/01/10 10:29:47 [error] [exception.CDbException] exception 'CDbException' with message 'CDbConnection failed to open the DB connection: SQLSTATE[08006] [7] FATAL:  password authentication failed for user "usrpoa"
FATAL:  password authentication failed for user "usrpoa"' in /var/www/yiiFramework/framework/db/CDbConnection.php:382
Stack trace:
#0 /var/www/yiiFramework/framework/db/CDbConnection.php(330): CDbConnection->open()
#1 /var/www/yiiFramework/framework/db/CDbConnection.php(308): CDbConnection->setActive(true)
#2 /var/www/yiiFramework/framework/base/CModule.php(387): CDbConnection->init()
#3 /var/www/yiiFramework/framework/base/CApplication.php(450): CModule->getComponent('db')
#4 /var/www/yiiFramework/framework/db/ar/CActiveRecord.php(634): CApplication->getDb()
#5 /var/www/yiiFramework/framework/db/ar/CActiveRecord.php(667): CActiveRecord->getDbConnection()
#6 /var/www/yiiFramework/framework/db/ar/CActiveRecord.php(1595): CActiveRecord->getCommandBuilder()
#7 /var/www/yiiFramework/framework/web/CActiveDataProvider.php(228): CActiveRecord->count(Object(CDbCriteria))
#8 /var/www/yiiFramework/framework/web/CDataProvider.php(224): CActiveDataProvider->calculateTotalItemCount()
#9 /var/www/yiiFramework/framework/web/CActiveDataProvider.php(178): CDataProvider->getTotalItemCount()
#10 /var/www/yiiFramework/framework/web/CDataProvider.php(168): CActiveDataProvider->fetchData()
#11 /var/www/yiiFramework/framework/zii/widgets/CBaseListView.php(111): CDataProvider->getData()
#12 /var/www/yiiFramework/framework/zii/widgets/CListView.php(211): CBaseListView->init()
#13 /var/www/yiiFramework/framework/web/CBaseController.php(147): CListView->init()
#14 /var/www/yiiFramework/framework/web/CBaseController.php(172): CBaseController->createWidget('zii.widgets.CLi...', Array)
#15 /var/www/poayii/protected/views/caratulaPoa/index.php(20): CBaseController->widget('zii.widgets.CLi...', Array)
#16 /var/www/yiiFramework/framework/web/CBaseController.php(126): require('/var/www/poayii...')
#17 /var/www/yiiFramework/framework/web/CBaseController.php(95): CBaseController->renderInternal('/var/www/poayii...', Array, true)
#18 /var/www/yiiFramework/framework/web/CController.php(869): CBaseController->renderFile('/var/www/poayii...', Array, true)
#19 /var/www/yiiFramework/framework/web/CController.php(782): CController->renderPartial('index', Array, true)
#20 /var/www/poayii/protected/controllers/CaratulaPoaController.php(152): CController->render('index', Array)
#21 /var/www/yiiFramework/framework/web/actions/CInlineAction.php(49): CaratulaPoaController->actionIndex()
#22 /var/www/yiiFramework/framework/web/CController.php(308): CInlineAction->runWithParams(Array)
#23 /var/www/yiiFramework/framework/web/filters/CFilterChain.php(133): CController->runAction(Object(CInlineAction))
#24 /var/www/yiiFramework/framework/web/filters/CFilter.php(40): CFilterChain->run()
#25 /var/www/yiiFramework/framework/web/CController.php(1145): CFilter->filter(Object(CFilterChain))
#26 /var/www/yiiFramework/framework/web/filters/CInlineFilter.php(58): CController->filterAccessControl(Object(CFilterChain))
#27 /var/www/yiiFramework/framework/web/filters/CFilterChain.php(130): CInlineFilter->filter(Object(CFilterChain))
#28 /var/www/yiiFramework/framework/web/CController.php(291): CFilterChain->run()
#29 /var/www/yiiFramework/framework/web/CController.php(265): CController->runActionWithFilters(Object(CInlineAction), Array)
#30 /var/www/yiiFramework/framework/web/CWebApplication.php(282): CController->run('')
#31 /var/www/yiiFramework/framework/web/CWebApplication.php(141): CWebApplication->runController('caratulaPoa')
#32 /var/www/yiiFramework/framework/base/CApplication.php(180): CWebApplication->processRequest()
#33 /var/www/poayii/index.php(13): CApplication->run()
#34 {main}
REQUEST_URI=/poayii/caratulaPoa
HTTP_REFERER=http://localhost/poayii/gii/crud/index
---
2014/01/10 10:30:22 [error] [exception.CDbException] exception 'CDbException' with message 'CDbConnection failed to open the DB connection: SQLSTATE[08006] [7] FATAL:  password authentication failed for user "usrpoa"
FATAL:  password authentication failed for user "usrpoa"' in /var/www/yiiFramework/framework/db/CDbConnection.php:382
Stack trace:
#0 /var/www/yiiFramework/framework/db/CDbConnection.php(330): CDbConnection->open()
#1 /var/www/yiiFramework/framework/db/CDbConnection.php(308): CDbConnection->setActive(true)
#2 /var/www/yiiFramework/framework/base/CModule.php(387): CDbConnection->init()
#3 /var/www/yiiFramework/framework/base/CApplication.php(450): CModule->getComponent('db')
#4 /var/www/yiiFramework/framework/db/ar/CActiveRecord.php(634): CApplication->getDb()
#5 /var/www/yiiFramework/framework/db/ar/CActiveRecord.php(667): CActiveRecord->getDbConnection()
#6 /var/www/yiiFramework/framework/db/ar/CActiveRecord.php(1595): CActiveRecord->getCommandBuilder()
#7 /var/www/yiiFramework/framework/web/CActiveDataProvider.php(228): CActiveRecord->count(Object(CDbCriteria))
#8 /var/www/yiiFramework/framework/web/CDataProvider.php(224): CActiveDataProvider->calculateTotalItemCount()
#9 /var/www/yiiFramework/framework/web/CActiveDataProvider.php(178): CDataProvider->getTotalItemCount()
#10 /var/www/yiiFramework/framework/web/CDataProvider.php(168): CActiveDataProvider->fetchData()
#11 /var/www/yiiFramework/framework/zii/widgets/CBaseListView.php(111): CDataProvider->getData()
#12 /var/www/yiiFramework/framework/zii/widgets/CListView.php(211): CBaseListView->init()
#13 /var/www/yiiFramework/framework/web/CBaseController.php(147): CListView->init()
#14 /var/www/yiiFramework/framework/web/CBaseController.php(172): CBaseController->createWidget('zii.widgets.CLi...', Array)
#15 /var/www/poayii/protected/views/caratulaPoa/index.php(20): CBaseController->widget('zii.widgets.CLi...', Array)
#16 /var/www/yiiFramework/framework/web/CBaseController.php(126): require('/var/www/poayii...')
#17 /var/www/yiiFramework/framework/web/CBaseController.php(95): CBaseController->renderInternal('/var/www/poayii...', Array, true)
#18 /var/www/yiiFramework/framework/web/CController.php(869): CBaseController->renderFile('/var/www/poayii...', Array, true)
#19 /var/www/yiiFramework/framework/web/CController.php(782): CController->renderPartial('index', Array, true)
#20 /var/www/poayii/protected/controllers/CaratulaPoaController.php(152): CController->render('index', Array)
#21 /var/www/yiiFramework/framework/web/actions/CInlineAction.php(49): CaratulaPoaController->actionIndex()
#22 /var/www/yiiFramework/framework/web/CController.php(308): CInlineAction->runWithParams(Array)
#23 /var/www/yiiFramework/framework/web/filters/CFilterChain.php(133): CController->runAction(Object(CInlineAction))
#24 /var/www/yiiFramework/framework/web/filters/CFilter.php(40): CFilterChain->run()
#25 /var/www/yiiFramework/framework/web/CController.php(1145): CFilter->filter(Object(CFilterChain))
#26 /var/www/yiiFramework/framework/web/filters/CInlineFilter.php(58): CController->filterAccessControl(Object(CFilterChain))
#27 /var/www/yiiFramework/framework/web/filters/CFilterChain.php(130): CInlineFilter->filter(Object(CFilterChain))
#28 /var/www/yiiFramework/framework/web/CController.php(291): CFilterChain->run()
#29 /var/www/yiiFramework/framework/web/CController.php(265): CController->runActionWithFilters(Object(CInlineAction), Array)
#30 /var/www/yiiFramework/framework/web/CWebApplication.php(282): CController->run('')
#31 /var/www/yiiFramework/framework/web/CWebApplication.php(141): CWebApplication->runController('caratulaPoa')
#32 /var/www/yiiFramework/framework/base/CApplication.php(180): CWebApplication->processRequest()
#33 /var/www/poayii/index.php(13): CApplication->run()
#34 {main}
REQUEST_URI=/poayii/caratulaPoa
HTTP_REFERER=http://localhost/poayii/gii/crud/index
---
2014/01/10 10:30:24 [error] [exception.CDbException] exception 'CDbException' with message 'CDbConnection failed to open the DB connection: SQLSTATE[08006] [7] FATAL:  password authentication failed for user "usrpoa"
FATAL:  password authentication failed for user "usrpoa"' in /var/www/yiiFramework/framework/db/CDbConnection.php:382
Stack trace:
#0 /var/www/yiiFramework/framework/db/CDbConnection.php(330): CDbConnection->open()
#1 /var/www/yiiFramework/framework/db/CDbConnection.php(308): CDbConnection->setActive(true)
#2 /var/www/yiiFramework/framework/base/CModule.php(387): CDbConnection->init()
#3 /var/www/yiiFramework/framework/base/CApplication.php(450): CModule->getComponent('db')
#4 /var/www/yiiFramework/framework/db/ar/CActiveRecord.php(634): CApplication->getDb()
#5 /var/www/yiiFramework/framework/db/ar/CActiveRecord.php(667): CActiveRecord->getDbConnection()
#6 /var/www/yiiFramework/framework/db/ar/CActiveRecord.php(1595): CActiveRecord->getCommandBuilder()
#7 /var/www/yiiFramework/framework/web/CActiveDataProvider.php(228): CActiveRecord->count(Object(CDbCriteria))
#8 /var/www/yiiFramework/framework/web/CDataProvider.php(224): CActiveDataProvider->calculateTotalItemCount()
#9 /var/www/yiiFramework/framework/web/CActiveDataProvider.php(178): CDataProvider->getTotalItemCount()
#10 /var/www/yiiFramework/framework/web/CDataProvider.php(168): CActiveDataProvider->fetchData()
#11 /var/www/yiiFramework/framework/zii/widgets/CBaseListView.php(111): CDataProvider->getData()
#12 /var/www/yiiFramework/framework/zii/widgets/CListView.php(211): CBaseListView->init()
#13 /var/www/yiiFramework/framework/web/CBaseController.php(147): CListView->init()
#14 /var/www/yiiFramework/framework/web/CBaseController.php(172): CBaseController->createWidget('zii.widgets.CLi...', Array)
#15 /var/www/poayii/protected/views/caratulaPoa/index.php(20): CBaseController->widget('zii.widgets.CLi...', Array)
#16 /var/www/yiiFramework/framework/web/CBaseController.php(126): require('/var/www/poayii...')
#17 /var/www/yiiFramework/framework/web/CBaseController.php(95): CBaseController->renderInternal('/var/www/poayii...', Array, true)
#18 /var/www/yiiFramework/framework/web/CController.php(869): CBaseController->renderFile('/var/www/poayii...', Array, true)
#19 /var/www/yiiFramework/framework/web/CController.php(782): CController->renderPartial('index', Array, true)
#20 /var/www/poayii/protected/controllers/CaratulaPoaController.php(152): CController->render('index', Array)
#21 /var/www/yiiFramework/framework/web/actions/CInlineAction.php(49): CaratulaPoaController->actionIndex()
#22 /var/www/yiiFramework/framework/web/CController.php(308): CInlineAction->runWithParams(Array)
#23 /var/www/yiiFramework/framework/web/filters/CFilterChain.php(133): CController->runAction(Object(CInlineAction))
#24 /var/www/yiiFramework/framework/web/filters/CFilter.php(40): CFilterChain->run()
#25 /var/www/yiiFramework/framework/web/CController.php(1145): CFilter->filter(Object(CFilterChain))
#26 /var/www/yiiFramework/framework/web/filters/CInlineFilter.php(58): CController->filterAccessControl(Object(CFilterChain))
#27 /var/www/yiiFramework/framework/web/filters/CFilterChain.php(130): CInlineFilter->filter(Object(CFilterChain))
#28 /var/www/yiiFramework/framework/web/CController.php(291): CFilterChain->run()
#29 /var/www/yiiFramework/framework/web/CController.php(265): CController->runActionWithFilters(Object(CInlineAction), Array)
#30 /var/www/yiiFramework/framework/web/CWebApplication.php(282): CController->run('')
#31 /var/www/yiiFramework/framework/web/CWebApplication.php(141): CWebApplication->runController('caratulaPoa')
#32 /var/www/yiiFramework/framework/base/CApplication.php(180): CWebApplication->processRequest()
#33 /var/www/poayii/index.php(13): CApplication->run()
#34 {main}
REQUEST_URI=/poayii/caratulaPoa
---
2014/01/10 10:30:31 [error] [exception.CDbException] exception 'CDbException' with message 'CDbConnection failed to open the DB connection: SQLSTATE[08006] [7] FATAL:  password authentication failed for user "usrpoa"
FATAL:  password authentication failed for user "usrpoa"' in /var/www/yiiFramework/framework/db/CDbConnection.php:382
Stack trace:
#0 /var/www/yiiFramework/framework/db/CDbConnection.php(330): CDbConnection->open()
#1 /var/www/yiiFramework/framework/db/CDbConnection.php(308): CDbConnection->setActive(true)
#2 /var/www/yiiFramework/framework/base/CModule.php(387): CDbConnection->init()
#3 /var/www/yiiFramework/framework/base/CApplication.php(450): CModule->getComponent('db')
#4 /var/www/yiiFramework/framework/db/ar/CActiveRecord.php(634): CApplication->getDb()
#5 /var/www/yiiFramework/framework/db/ar/CActiveRecord.php(667): CActiveRecord->getDbConnection()
#6 /var/www/yiiFramework/framework/db/ar/CActiveRecord.php(1595): CActiveRecord->getCommandBuilder()
#7 /var/www/yiiFramework/framework/web/CActiveDataProvider.php(228): CActiveRecord->count(Object(CDbCriteria))
#8 /var/www/yiiFramework/framework/web/CDataProvider.php(224): CActiveDataProvider->calculateTotalItemCount()
#9 /var/www/yiiFramework/framework/web/CActiveDataProvider.php(178): CDataProvider->getTotalItemCount()
#10 /var/www/yiiFramework/framework/web/CDataProvider.php(168): CActiveDataProvider->fetchData()
#11 /var/www/yiiFramework/framework/zii/widgets/CBaseListView.php(111): CDataProvider->getData()
#12 /var/www/yiiFramework/framework/zii/widgets/CListView.php(211): CBaseListView->init()
#13 /var/www/yiiFramework/framework/web/CBaseController.php(147): CListView->init()
#14 /var/www/yiiFramework/framework/web/CBaseController.php(172): CBaseController->createWidget('zii.widgets.CLi...', Array)
#15 /var/www/poayii/protected/views/caratulaPoa/index.php(20): CBaseController->widget('zii.widgets.CLi...', Array)
#16 /var/www/yiiFramework/framework/web/CBaseController.php(126): require('/var/www/poayii...')
#17 /var/www/yiiFramework/framework/web/CBaseController.php(95): CBaseController->renderInternal('/var/www/poayii...', Array, true)
#18 /var/www/yiiFramework/framework/web/CController.php(869): CBaseController->renderFile('/var/www/poayii...', Array, true)
#19 /var/www/yiiFramework/framework/web/CController.php(782): CController->renderPartial('index', Array, true)
#20 /var/www/poayii/protected/controllers/CaratulaPoaController.php(152): CController->render('index', Array)
#21 /var/www/yiiFramework/framework/web/actions/CInlineAction.php(49): CaratulaPoaController->actionIndex()
#22 /var/www/yiiFramework/framework/web/CController.php(308): CInlineAction->runWithParams(Array)
#23 /var/www/yiiFramework/framework/web/filters/CFilterChain.php(133): CController->runAction(Object(CInlineAction))
#24 /var/www/yiiFramework/framework/web/filters/CFilter.php(40): CFilterChain->run()
#25 /var/www/yiiFramework/framework/web/CController.php(1145): CFilter->filter(Object(CFilterChain))
#26 /var/www/yiiFramework/framework/web/filters/CInlineFilter.php(58): CController->filterAccessControl(Object(CFilterChain))
#27 /var/www/yiiFramework/framework/web/filters/CFilterChain.php(130): CInlineFilter->filter(Object(CFilterChain))
#28 /var/www/yiiFramework/framework/web/CController.php(291): CFilterChain->run()
#29 /var/www/yiiFramework/framework/web/CController.php(265): CController->runActionWithFilters(Object(CInlineAction), Array)
#30 /var/www/yiiFramework/framework/web/CWebApplication.php(282): CController->run('')
#31 /var/www/yiiFramework/framework/web/CWebApplication.php(141): CWebApplication->runController('caratulaPoa')
#32 /var/www/yiiFramework/framework/base/CApplication.php(180): CWebApplication->processRequest()
#33 /var/www/poayii/index.php(13): CApplication->run()
#34 {main}
REQUEST_URI=/poayii/caratulaPoa
---
2014/01/10 10:30:34 [error] [exception.CDbException] exception 'CDbException' with message 'CDbConnection failed to open the DB connection: SQLSTATE[08006] [7] FATAL:  password authentication failed for user "usrpoa"
FATAL:  password authentication failed for user "usrpoa"' in /var/www/yiiFramework/framework/db/CDbConnection.php:382
Stack trace:
#0 /var/www/yiiFramework/framework/db/CDbConnection.php(330): CDbConnection->open()
#1 /var/www/yiiFramework/framework/db/CDbConnection.php(308): CDbConnection->setActive(true)
#2 /var/www/yiiFramework/framework/base/CModule.php(387): CDbConnection->init()
#3 /var/www/yiiFramework/framework/base/CApplication.php(450): CModule->getComponent('db')
#4 /var/www/yiiFramework/framework/db/ar/CActiveRecord.php(634): CApplication->getDb()
#5 /var/www/yiiFramework/framework/db/ar/CActiveRecord.php(667): CActiveRecord->getDbConnection()
#6 /var/www/yiiFramework/framework/db/ar/CActiveRecord.php(1595): CActiveRecord->getCommandBuilder()
#7 /var/www/yiiFramework/framework/web/CActiveDataProvider.php(228): CActiveRecord->count(Object(CDbCriteria))
#8 /var/www/yiiFramework/framework/web/CDataProvider.php(224): CActiveDataProvider->calculateTotalItemCount()
#9 /var/www/yiiFramework/framework/web/CActiveDataProvider.php(178): CDataProvider->getTotalItemCount()
#10 /var/www/yiiFramework/framework/web/CDataProvider.php(168): CActiveDataProvider->fetchData()
#11 /var/www/yiiFramework/framework/zii/widgets/CBaseListView.php(111): CDataProvider->getData()
#12 /var/www/yiiFramework/framework/zii/widgets/CListView.php(211): CBaseListView->init()
#13 /var/www/yiiFramework/framework/web/CBaseController.php(147): CListView->init()
#14 /var/www/yiiFramework/framework/web/CBaseController.php(172): CBaseController->createWidget('zii.widgets.CLi...', Array)
#15 /var/www/poayii/protected/views/caratulaPoa/index.php(20): CBaseController->widget('zii.widgets.CLi...', Array)
#16 /var/www/yiiFramework/framework/web/CBaseController.php(126): require('/var/www/poayii...')
#17 /var/www/yiiFramework/framework/web/CBaseController.php(95): CBaseController->renderInternal('/var/www/poayii...', Array, true)
#18 /var/www/yiiFramework/framework/web/CController.php(869): CBaseController->renderFile('/var/www/poayii...', Array, true)
#19 /var/www/yiiFramework/framework/web/CController.php(782): CController->renderPartial('index', Array, true)
#20 /var/www/poayii/protected/controllers/CaratulaPoaController.php(152): CController->render('index', Array)
#21 /var/www/yiiFramework/framework/web/actions/CInlineAction.php(49): CaratulaPoaController->actionIndex()
#22 /var/www/yiiFramework/framework/web/CController.php(308): CInlineAction->runWithParams(Array)
#23 /var/www/yiiFramework/framework/web/filters/CFilterChain.php(133): CController->runAction(Object(CInlineAction))
#24 /var/www/yiiFramework/framework/web/filters/CFilter.php(40): CFilterChain->run()
#25 /var/www/yiiFramework/framework/web/CController.php(1145): CFilter->filter(Object(CFilterChain))
#26 /var/www/yiiFramework/framework/web/filters/CInlineFilter.php(58): CController->filterAccessControl(Object(CFilterChain))
#27 /var/www/yiiFramework/framework/web/filters/CFilterChain.php(130): CInlineFilter->filter(Object(CFilterChain))
#28 /var/www/yiiFramework/framework/web/CController.php(291): CFilterChain->run()
#29 /var/www/yiiFramework/framework/web/CController.php(265): CController->runActionWithFilters(Object(CInlineAction), Array)
#30 /var/www/yiiFramework/framework/web/CWebApplication.php(282): CController->run('')
#31 /var/www/yiiFramework/framework/web/CWebApplication.php(141): CWebApplication->runController('caratulaPoa')
#32 /var/www/yiiFramework/framework/base/CApplication.php(180): CWebApplication->processRequest()
#33 /var/www/poayii/index.php(13): CApplication->run()
#34 {main}
REQUEST_URI=/poayii/caratulaPoa
HTTP_REFERER=http://localhost/poayii/gii/crud/index
---
2014/01/10 10:30:58 [error] [exception.CDbException] exception 'CDbException' with message 'CDbConnection failed to open the DB connection: SQLSTATE[08006] [7] FATAL:  password authentication failed for user "usrpoa"
FATAL:  password authentication failed for user "usrpoa"' in /var/www/yiiFramework/framework/db/CDbConnection.php:382
Stack trace:
#0 /var/www/yiiFramework/framework/db/CDbConnection.php(330): CDbConnection->open()
#1 /var/www/yiiFramework/framework/db/CDbConnection.php(308): CDbConnection->setActive(true)
#2 /var/www/yiiFramework/framework/base/CModule.php(387): CDbConnection->init()
#3 /var/www/yiiFramework/framework/base/CApplication.php(450): CModule->getComponent('db')
#4 /var/www/yiiFramework/framework/db/ar/CActiveRecord.php(634): CApplication->getDb()
#5 /var/www/yiiFramework/framework/db/ar/CActiveRecord.php(667): CActiveRecord->getDbConnection()
#6 /var/www/yiiFramework/framework/db/ar/CActiveRecord.php(1595): CActiveRecord->getCommandBuilder()
#7 /var/www/yiiFramework/framework/web/CActiveDataProvider.php(228): CActiveRecord->count(Object(CDbCriteria))
#8 /var/www/yiiFramework/framework/web/CDataProvider.php(224): CActiveDataProvider->calculateTotalItemCount()
#9 /var/www/yiiFramework/framework/web/CActiveDataProvider.php(178): CDataProvider->getTotalItemCount()
#10 /var/www/yiiFramework/framework/web/CDataProvider.php(168): CActiveDataProvider->fetchData()
#11 /var/www/yiiFramework/framework/zii/widgets/CBaseListView.php(111): CDataProvider->getData()
#12 /var/www/yiiFramework/framework/zii/widgets/CListView.php(211): CBaseListView->init()
#13 /var/www/yiiFramework/framework/web/CBaseController.php(147): CListView->init()
#14 /var/www/yiiFramework/framework/web/CBaseController.php(172): CBaseController->createWidget('zii.widgets.CLi...', Array)
#15 /var/www/poayii/protected/views/caratulaPoa/index.php(20): CBaseController->widget('zii.widgets.CLi...', Array)
#16 /var/www/yiiFramework/framework/web/CBaseController.php(126): require('/var/www/poayii...')
#17 /var/www/yiiFramework/framework/web/CBaseController.php(95): CBaseController->renderInternal('/var/www/poayii...', Array, true)
#18 /var/www/yiiFramework/framework/web/CController.php(869): CBaseController->renderFile('/var/www/poayii...', Array, true)
#19 /var/www/yiiFramework/framework/web/CController.php(782): CController->renderPartial('index', Array, true)
#20 /var/www/poayii/protected/controllers/CaratulaPoaController.php(152): CController->render('index', Array)
#21 /var/www/yiiFramework/framework/web/actions/CInlineAction.php(49): CaratulaPoaController->actionIndex()
#22 /var/www/yiiFramework/framework/web/CController.php(308): CInlineAction->runWithParams(Array)
#23 /var/www/yiiFramework/framework/web/filters/CFilterChain.php(133): CController->runAction(Object(CInlineAction))
#24 /var/www/yiiFramework/framework/web/filters/CFilter.php(40): CFilterChain->run()
#25 /var/www/yiiFramework/framework/web/CController.php(1145): CFilter->filter(Object(CFilterChain))
#26 /var/www/yiiFramework/framework/web/filters/CInlineFilter.php(58): CController->filterAccessControl(Object(CFilterChain))
#27 /var/www/yiiFramework/framework/web/filters/CFilterChain.php(130): CInlineFilter->filter(Object(CFilterChain))
#28 /var/www/yiiFramework/framework/web/CController.php(291): CFilterChain->run()
#29 /var/www/yiiFramework/framework/web/CController.php(265): CController->runActionWithFilters(Object(CInlineAction), Array)
#30 /var/www/yiiFramework/framework/web/CWebApplication.php(282): CController->run('')
#31 /var/www/yiiFramework/framework/web/CWebApplication.php(141): CWebApplication->runController('caratulaPoa')
#32 /var/www/yiiFramework/framework/base/CApplication.php(180): CWebApplication->processRequest()
#33 /var/www/poayii/index.php(13): CApplication->run()
#34 {main}
REQUEST_URI=/poayii/caratulaPoa
HTTP_REFERER=http://localhost/poayii/gii/crud/index
---
2014/01/10 10:31:00 [error] [exception.CDbException] exception 'CDbException' with message 'CDbConnection failed to open the DB connection: SQLSTATE[08006] [7] FATAL:  password authentication failed for user "usrpoa"
FATAL:  password authentication failed for user "usrpoa"' in /var/www/yiiFramework/framework/db/CDbConnection.php:382
Stack trace:
#0 /var/www/yiiFramework/framework/db/CDbConnection.php(330): CDbConnection->open()
#1 /var/www/yiiFramework/framework/db/CDbConnection.php(308): CDbConnection->setActive(true)
#2 /var/www/yiiFramework/framework/base/CModule.php(387): CDbConnection->init()
#3 /var/www/yiiFramework/framework/base/CApplication.php(450): CModule->getComponent('db')
#4 /var/www/yiiFramework/framework/db/ar/CActiveRecord.php(634): CApplication->getDb()
#5 /var/www/yiiFramework/framework/db/ar/CActiveRecord.php(667): CActiveRecord->getDbConnection()
#6 /var/www/yiiFramework/framework/db/ar/CActiveRecord.php(1595): CActiveRecord->getCommandBuilder()
#7 /var/www/yiiFramework/framework/web/CActiveDataProvider.php(228): CActiveRecord->count(Object(CDbCriteria))
#8 /var/www/yiiFramework/framework/web/CDataProvider.php(224): CActiveDataProvider->calculateTotalItemCount()
#9 /var/www/yiiFramework/framework/web/CActiveDataProvider.php(178): CDataProvider->getTotalItemCount()
#10 /var/www/yiiFramework/framework/web/CDataProvider.php(168): CActiveDataProvider->fetchData()
#11 /var/www/yiiFramework/framework/zii/widgets/CBaseListView.php(111): CDataProvider->getData()
#12 /var/www/yiiFramework/framework/zii/widgets/CListView.php(211): CBaseListView->init()
#13 /var/www/yiiFramework/framework/web/CBaseController.php(147): CListView->init()
#14 /var/www/yiiFramework/framework/web/CBaseController.php(172): CBaseController->createWidget('zii.widgets.CLi...', Array)
#15 /var/www/poayii/protected/views/caratulaPoa/index.php(20): CBaseController->widget('zii.widgets.CLi...', Array)
#16 /var/www/yiiFramework/framework/web/CBaseController.php(126): require('/var/www/poayii...')
#17 /var/www/yiiFramework/framework/web/CBaseController.php(95): CBaseController->renderInternal('/var/www/poayii...', Array, true)
#18 /var/www/yiiFramework/framework/web/CController.php(869): CBaseController->renderFile('/var/www/poayii...', Array, true)
#19 /var/www/yiiFramework/framework/web/CController.php(782): CController->renderPartial('index', Array, true)
#20 /var/www/poayii/protected/controllers/CaratulaPoaController.php(152): CController->render('index', Array)
#21 /var/www/yiiFramework/framework/web/actions/CInlineAction.php(49): CaratulaPoaController->actionIndex()
#22 /var/www/yiiFramework/framework/web/CController.php(308): CInlineAction->runWithParams(Array)
#23 /var/www/yiiFramework/framework/web/filters/CFilterChain.php(133): CController->runAction(Object(CInlineAction))
#24 /var/www/yiiFramework/framework/web/filters/CFilter.php(40): CFilterChain->run()
#25 /var/www/yiiFramework/framework/web/CController.php(1145): CFilter->filter(Object(CFilterChain))
#26 /var/www/yiiFramework/framework/web/filters/CInlineFilter.php(58): CController->filterAccessControl(Object(CFilterChain))
#27 /var/www/yiiFramework/framework/web/filters/CFilterChain.php(130): CInlineFilter->filter(Object(CFilterChain))
#28 /var/www/yiiFramework/framework/web/CController.php(291): CFilterChain->run()
#29 /var/www/yiiFramework/framework/web/CController.php(265): CController->runActionWithFilters(Object(CInlineAction), Array)
#30 /var/www/yiiFramework/framework/web/CWebApplication.php(282): CController->run('')
#31 /var/www/yiiFramework/framework/web/CWebApplication.php(141): CWebApplication->runController('caratulaPoa')
#32 /var/www/yiiFramework/framework/base/CApplication.php(180): CWebApplication->processRequest()
#33 /var/www/poayii/index.php(13): CApplication->run()
#34 {main}
REQUEST_URI=/poayii/caratulaPoa
---
2014/01/10 10:32:05 [error] [exception.CDbException] exception 'CDbException' with message 'CDbConnection failed to open the DB connection: SQLSTATE[08006] [7] FATAL:  password authentication failed for user "usrpoa"
FATAL:  password authentication failed for user "usrpoa"' in /var/www/yiiFramework/framework/db/CDbConnection.php:382
Stack trace:
#0 /var/www/yiiFramework/framework/db/CDbConnection.php(330): CDbConnection->open()
#1 /var/www/yiiFramework/framework/db/CDbConnection.php(308): CDbConnection->setActive(true)
#2 /var/www/yiiFramework/framework/base/CModule.php(387): CDbConnection->init()
#3 /var/www/yiiFramework/framework/base/CApplication.php(450): CModule->getComponent('db')
#4 /var/www/yiiFramework/framework/db/ar/CActiveRecord.php(634): CApplication->getDb()
#5 /var/www/yiiFramework/framework/db/ar/CActiveRecord.php(667): CActiveRecord->getDbConnection()
#6 /var/www/yiiFramework/framework/db/ar/CActiveRecord.php(1595): CActiveRecord->getCommandBuilder()
#7 /var/www/yiiFramework/framework/web/CActiveDataProvider.php(228): CActiveRecord->count(Object(CDbCriteria))
#8 /var/www/yiiFramework/framework/web/CDataProvider.php(224): CActiveDataProvider->calculateTotalItemCount()
#9 /var/www/yiiFramework/framework/web/CActiveDataProvider.php(178): CDataProvider->getTotalItemCount()
#10 /var/www/yiiFramework/framework/web/CDataProvider.php(168): CActiveDataProvider->fetchData()
#11 /var/www/yiiFramework/framework/zii/widgets/CBaseListView.php(111): CDataProvider->getData()
#12 /var/www/yiiFramework/framework/zii/widgets/CListView.php(211): CBaseListView->init()
#13 /var/www/yiiFramework/framework/web/CBaseController.php(147): CListView->init()
#14 /var/www/yiiFramework/framework/web/CBaseController.php(172): CBaseController->createWidget('zii.widgets.CLi...', Array)
#15 /var/www/poayii/protected/views/caratulaPoa/index.php(20): CBaseController->widget('zii.widgets.CLi...', Array)
#16 /var/www/yiiFramework/framework/web/CBaseController.php(126): require('/var/www/poayii...')
#17 /var/www/yiiFramework/framework/web/CBaseController.php(95): CBaseController->renderInternal('/var/www/poayii...', Array, true)
#18 /var/www/yiiFramework/framework/web/CController.php(869): CBaseController->renderFile('/var/www/poayii...', Array, true)
#19 /var/www/yiiFramework/framework/web/CController.php(782): CController->renderPartial('index', Array, true)
#20 /var/www/poayii/protected/controllers/CaratulaPoaController.php(152): CController->render('index', Array)
#21 /var/www/yiiFramework/framework/web/actions/CInlineAction.php(49): CaratulaPoaController->actionIndex()
#22 /var/www/yiiFramework/framework/web/CController.php(308): CInlineAction->runWithParams(Array)
#23 /var/www/yiiFramework/framework/web/filters/CFilterChain.php(133): CController->runAction(Object(CInlineAction))
#24 /var/www/yiiFramework/framework/web/filters/CFilter.php(40): CFilterChain->run()
#25 /var/www/yiiFramework/framework/web/CController.php(1145): CFilter->filter(Object(CFilterChain))
#26 /var/www/yiiFramework/framework/web/filters/CInlineFilter.php(58): CController->filterAccessControl(Object(CFilterChain))
#27 /var/www/yiiFramework/framework/web/filters/CFilterChain.php(130): CInlineFilter->filter(Object(CFilterChain))
#28 /var/www/yiiFramework/framework/web/CController.php(291): CFilterChain->run()
#29 /var/www/yiiFramework/framework/web/CController.php(265): CController->runActionWithFilters(Object(CInlineAction), Array)
#30 /var/www/yiiFramework/framework/web/CWebApplication.php(282): CController->run('')
#31 /var/www/yiiFramework/framework/web/CWebApplication.php(141): CWebApplication->runController('caratulaPoa')
#32 /var/www/yiiFramework/framework/base/CApplication.php(180): CWebApplication->processRequest()
#33 /var/www/poayii/index.php(13): CApplication->run()
#34 {main}
REQUEST_URI=/poayii/caratulaPoa
---
2014/01/10 10:34:18 [error] [exception.CDbException] exception 'CDbException' with message 'CDbConnection failed to open the DB connection: SQLSTATE[08006] [7] FATAL:  password authentication failed for user "usrpoa"
FATAL:  password authentication failed for user "usrpoa"' in /var/www/yiiFramework/framework/db/CDbConnection.php:382
Stack trace:
#0 /var/www/yiiFramework/framework/db/CDbConnection.php(330): CDbConnection->open()
#1 /var/www/yiiFramework/framework/db/CDbConnection.php(308): CDbConnection->setActive(true)
#2 /var/www/yiiFramework/framework/base/CModule.php(387): CDbConnection->init()
#3 /var/www/yiiFramework/framework/base/CApplication.php(450): CModule->getComponent('db')
#4 /var/www/yiiFramework/framework/db/ar/CActiveRecord.php(634): CApplication->getDb()
#5 /var/www/yiiFramework/framework/db/ar/CActiveRecord.php(667): CActiveRecord->getDbConnection()
#6 /var/www/yiiFramework/framework/db/ar/CActiveRecord.php(1595): CActiveRecord->getCommandBuilder()
#7 /var/www/yiiFramework/framework/web/CActiveDataProvider.php(228): CActiveRecord->count(Object(CDbCriteria))
#8 /var/www/yiiFramework/framework/web/CDataProvider.php(224): CActiveDataProvider->calculateTotalItemCount()
#9 /var/www/yiiFramework/framework/web/CActiveDataProvider.php(178): CDataProvider->getTotalItemCount()
#10 /var/www/yiiFramework/framework/web/CDataProvider.php(168): CActiveDataProvider->fetchData()
#11 /var/www/yiiFramework/framework/zii/widgets/CBaseListView.php(111): CDataProvider->getData()
#12 /var/www/yiiFramework/framework/zii/widgets/CListView.php(211): CBaseListView->init()
#13 /var/www/yiiFramework/framework/web/CBaseController.php(147): CListView->init()
#14 /var/www/yiiFramework/framework/web/CBaseController.php(172): CBaseController->createWidget('zii.widgets.CLi...', Array)
#15 /var/www/poayii/protected/views/caratulaPoa/index.php(20): CBaseController->widget('zii.widgets.CLi...', Array)
#16 /var/www/yiiFramework/framework/web/CBaseController.php(126): require('/var/www/poayii...')
#17 /var/www/yiiFramework/framework/web/CBaseController.php(95): CBaseController->renderInternal('/var/www/poayii...', Array, true)
#18 /var/www/yiiFramework/framework/web/CController.php(869): CBaseController->renderFile('/var/www/poayii...', Array, true)
#19 /var/www/yiiFramework/framework/web/CController.php(782): CController->renderPartial('index', Array, true)
#20 /var/www/poayii/protected/controllers/CaratulaPoaController.php(152): CController->render('index', Array)
#21 /var/www/yiiFramework/framework/web/actions/CInlineAction.php(49): CaratulaPoaController->actionIndex()
#22 /var/www/yiiFramework/framework/web/CController.php(308): CInlineAction->runWithParams(Array)
#23 /var/www/yiiFramework/framework/web/filters/CFilterChain.php(133): CController->runAction(Object(CInlineAction))
#24 /var/www/yiiFramework/framework/web/filters/CFilter.php(40): CFilterChain->run()
#25 /var/www/yiiFramework/framework/web/CController.php(1145): CFilter->filter(Object(CFilterChain))
#26 /var/www/yiiFramework/framework/web/filters/CInlineFilter.php(58): CController->filterAccessControl(Object(CFilterChain))
#27 /var/www/yiiFramework/framework/web/filters/CFilterChain.php(130): CInlineFilter->filter(Object(CFilterChain))
#28 /var/www/yiiFramework/framework/web/CController.php(291): CFilterChain->run()
#29 /var/www/yiiFramework/framework/web/CController.php(265): CController->runActionWithFilters(Object(CInlineAction), Array)
#30 /var/www/yiiFramework/framework/web/CWebApplication.php(282): CController->run('')
#31 /var/www/yiiFramework/framework/web/CWebApplication.php(141): CWebApplication->runController('caratulaPoa')
#32 /var/www/yiiFramework/framework/base/CApplication.php(180): CWebApplication->processRequest()
#33 /var/www/poayii/index.php(13): CApplication->run()
#34 {main}
REQUEST_URI=/poayii/caratulaPoa
---
2014/01/10 10:34:18 [error] [exception.CDbException] exception 'CDbException' with message 'CDbConnection failed to open the DB connection: SQLSTATE[08006] [7] FATAL:  password authentication failed for user "usrpoa"
FATAL:  password authentication failed for user "usrpoa"' in /var/www/yiiFramework/framework/db/CDbConnection.php:382
Stack trace:
#0 /var/www/yiiFramework/framework/db/CDbConnection.php(330): CDbConnection->open()
#1 /var/www/yiiFramework/framework/db/CDbConnection.php(308): CDbConnection->setActive(true)
#2 /var/www/yiiFramework/framework/base/CModule.php(387): CDbConnection->init()
#3 /var/www/yiiFramework/framework/base/CApplication.php(450): CModule->getComponent('db')
#4 /var/www/yiiFramework/framework/db/ar/CActiveRecord.php(634): CApplication->getDb()
#5 /var/www/yiiFramework/framework/db/ar/CActiveRecord.php(667): CActiveRecord->getDbConnection()
#6 /var/www/yiiFramework/framework/db/ar/CActiveRecord.php(1595): CActiveRecord->getCommandBuilder()
#7 /var/www/yiiFramework/framework/web/CActiveDataProvider.php(228): CActiveRecord->count(Object(CDbCriteria))
#8 /var/www/yiiFramework/framework/web/CDataProvider.php(224): CActiveDataProvider->calculateTotalItemCount()
#9 /var/www/yiiFramework/framework/web/CActiveDataProvider.php(178): CDataProvider->getTotalItemCount()
#10 /var/www/yiiFramework/framework/web/CDataProvider.php(168): CActiveDataProvider->fetchData()
#11 /var/www/yiiFramework/framework/zii/widgets/CBaseListView.php(111): CDataProvider->getData()
#12 /var/www/yiiFramework/framework/zii/widgets/CListView.php(211): CBaseListView->init()
#13 /var/www/yiiFramework/framework/web/CBaseController.php(147): CListView->init()
#14 /var/www/yiiFramework/framework/web/CBaseController.php(172): CBaseController->createWidget('zii.widgets.CLi...', Array)
#15 /var/www/poayii/protected/views/caratulaPoa/index.php(20): CBaseController->widget('zii.widgets.CLi...', Array)
#16 /var/www/yiiFramework/framework/web/CBaseController.php(126): require('/var/www/poayii...')
#17 /var/www/yiiFramework/framework/web/CBaseController.php(95): CBaseController->renderInternal('/var/www/poayii...', Array, true)
#18 /var/www/yiiFramework/framework/web/CController.php(869): CBaseController->renderFile('/var/www/poayii...', Array, true)
#19 /var/www/yiiFramework/framework/web/CController.php(782): CController->renderPartial('index', Array, true)
#20 /var/www/poayii/protected/controllers/CaratulaPoaController.php(152): CController->render('index', Array)
#21 /var/www/yiiFramework/framework/web/actions/CInlineAction.php(49): CaratulaPoaController->actionIndex()
#22 /var/www/yiiFramework/framework/web/CController.php(308): CInlineAction->runWithParams(Array)
#23 /var/www/yiiFramework/framework/web/filters/CFilterChain.php(133): CController->runAction(Object(CInlineAction))
#24 /var/www/yiiFramework/framework/web/filters/CFilter.php(40): CFilterChain->run()
#25 /var/www/yiiFramework/framework/web/CController.php(1145): CFilter->filter(Object(CFilterChain))
#26 /var/www/yiiFramework/framework/web/filters/CInlineFilter.php(58): CController->filterAccessControl(Object(CFilterChain))
#27 /var/www/yiiFramework/framework/web/filters/CFilterChain.php(130): CInlineFilter->filter(Object(CFilterChain))
#28 /var/www/yiiFramework/framework/web/CController.php(291): CFilterChain->run()
#29 /var/www/yiiFramework/framework/web/CController.php(265): CController->runActionWithFilters(Object(CInlineAction), Array)
#30 /var/www/yiiFramework/framework/web/CWebApplication.php(282): CController->run('')
#31 /var/www/yiiFramework/framework/web/CWebApplication.php(141): CWebApplication->runController('caratulaPoa')
#32 /var/www/yiiFramework/framework/base/CApplication.php(180): CWebApplication->processRequest()
#33 /var/www/poayii/index.php(13): CApplication->run()
#34 {main}
REQUEST_URI=/poayii/caratulaPoa
---
2014/01/10 10:34:19 [error] [exception.CDbException] exception 'CDbException' with message 'CDbConnection failed to open the DB connection: SQLSTATE[08006] [7] FATAL:  password authentication failed for user "usrpoa"
FATAL:  password authentication failed for user "usrpoa"' in /var/www/yiiFramework/framework/db/CDbConnection.php:382
Stack trace:
#0 /var/www/yiiFramework/framework/db/CDbConnection.php(330): CDbConnection->open()
#1 /var/www/yiiFramework/framework/db/CDbConnection.php(308): CDbConnection->setActive(true)
#2 /var/www/yiiFramework/framework/base/CModule.php(387): CDbConnection->init()
#3 /var/www/yiiFramework/framework/base/CApplication.php(450): CModule->getComponent('db')
#4 /var/www/yiiFramework/framework/db/ar/CActiveRecord.php(634): CApplication->getDb()
#5 /var/www/yiiFramework/framework/db/ar/CActiveRecord.php(667): CActiveRecord->getDbConnection()
#6 /var/www/yiiFramework/framework/db/ar/CActiveRecord.php(1595): CActiveRecord->getCommandBuilder()
#7 /var/www/yiiFramework/framework/web/CActiveDataProvider.php(228): CActiveRecord->count(Object(CDbCriteria))
#8 /var/www/yiiFramework/framework/web/CDataProvider.php(224): CActiveDataProvider->calculateTotalItemCount()
#9 /var/www/yiiFramework/framework/web/CActiveDataProvider.php(178): CDataProvider->getTotalItemCount()
#10 /var/www/yiiFramework/framework/web/CDataProvider.php(168): CActiveDataProvider->fetchData()
#11 /var/www/yiiFramework/framework/zii/widgets/CBaseListView.php(111): CDataProvider->getData()
#12 /var/www/yiiFramework/framework/zii/widgets/CListView.php(211): CBaseListView->init()
#13 /var/www/yiiFramework/framework/web/CBaseController.php(147): CListView->init()
#14 /var/www/yiiFramework/framework/web/CBaseController.php(172): CBaseController->createWidget('zii.widgets.CLi...', Array)
#15 /var/www/poayii/protected/views/caratulaPoa/index.php(20): CBaseController->widget('zii.widgets.CLi...', Array)
#16 /var/www/yiiFramework/framework/web/CBaseController.php(126): require('/var/www/poayii...')
#17 /var/www/yiiFramework/framework/web/CBaseController.php(95): CBaseController->renderInternal('/var/www/poayii...', Array, true)
#18 /var/www/yiiFramework/framework/web/CController.php(869): CBaseController->renderFile('/var/www/poayii...', Array, true)
#19 /var/www/yiiFramework/framework/web/CController.php(782): CController->renderPartial('index', Array, true)
#20 /var/www/poayii/protected/controllers/CaratulaPoaController.php(152): CController->render('index', Array)
#21 /var/www/yiiFramework/framework/web/actions/CInlineAction.php(49): CaratulaPoaController->actionIndex()
#22 /var/www/yiiFramework/framework/web/CController.php(308): CInlineAction->runWithParams(Array)
#23 /var/www/yiiFramework/framework/web/filters/CFilterChain.php(133): CController->runAction(Object(CInlineAction))
#24 /var/www/yiiFramework/framework/web/filters/CFilter.php(40): CFilterChain->run()
#25 /var/www/yiiFramework/framework/web/CController.php(1145): CFilter->filter(Object(CFilterChain))
#26 /var/www/yiiFramework/framework/web/filters/CInlineFilter.php(58): CController->filterAccessControl(Object(CFilterChain))
#27 /var/www/yiiFramework/framework/web/filters/CFilterChain.php(130): CInlineFilter->filter(Object(CFilterChain))
#28 /var/www/yiiFramework/framework/web/CController.php(291): CFilterChain->run()
#29 /var/www/yiiFramework/framework/web/CController.php(265): CController->runActionWithFilters(Object(CInlineAction), Array)
#30 /var/www/yiiFramework/framework/web/CWebApplication.php(282): CController->run('')
#31 /var/www/yiiFramework/framework/web/CWebApplication.php(141): CWebApplication->runController('caratulaPoa')
#32 /var/www/yiiFramework/framework/base/CApplication.php(180): CWebApplication->processRequest()
#33 /var/www/poayii/index.php(13): CApplication->run()
#34 {main}
REQUEST_URI=/poayii/caratulaPoa
---
2014/01/10 10:35:08 [error] [exception.CDbException] exception 'CDbException' with message 'CDbConnection failed to open the DB connection: SQLSTATE[08006] [7] FATAL:  password authentication failed for user "usrpoa"
FATAL:  password authentication failed for user "usrpoa"' in /var/www/yiiFramework/framework/db/CDbConnection.php:382
Stack trace:
#0 /var/www/yiiFramework/framework/db/CDbConnection.php(330): CDbConnection->open()
#1 /var/www/yiiFramework/framework/db/CDbConnection.php(308): CDbConnection->setActive(true)
#2 /var/www/yiiFramework/framework/base/CModule.php(387): CDbConnection->init()
#3 /var/www/yiiFramework/framework/base/CApplication.php(450): CModule->getComponent('db')
#4 /var/www/yiiFramework/framework/db/ar/CActiveRecord.php(634): CApplication->getDb()
#5 /var/www/yiiFramework/framework/db/ar/CActiveRecord.php(667): CActiveRecord->getDbConnection()
#6 /var/www/yiiFramework/framework/db/ar/CActiveRecord.php(1595): CActiveRecord->getCommandBuilder()
#7 /var/www/yiiFramework/framework/web/CActiveDataProvider.php(228): CActiveRecord->count(Object(CDbCriteria))
#8 /var/www/yiiFramework/framework/web/CDataProvider.php(224): CActiveDataProvider->calculateTotalItemCount()
#9 /var/www/yiiFramework/framework/web/CActiveDataProvider.php(178): CDataProvider->getTotalItemCount()
#10 /var/www/yiiFramework/framework/web/CDataProvider.php(168): CActiveDataProvider->fetchData()
#11 /var/www/yiiFramework/framework/zii/widgets/CBaseListView.php(111): CDataProvider->getData()
#12 /var/www/yiiFramework/framework/zii/widgets/CListView.php(211): CBaseListView->init()
#13 /var/www/yiiFramework/framework/web/CBaseController.php(147): CListView->init()
#14 /var/www/yiiFramework/framework/web/CBaseController.php(172): CBaseController->createWidget('zii.widgets.CLi...', Array)
#15 /var/www/poayii/protected/views/caratulaPoa/index.php(20): CBaseController->widget('zii.widgets.CLi...', Array)
#16 /var/www/yiiFramework/framework/web/CBaseController.php(126): require('/var/www/poayii...')
#17 /var/www/yiiFramework/framework/web/CBaseController.php(95): CBaseController->renderInternal('/var/www/poayii...', Array, true)
#18 /var/www/yiiFramework/framework/web/CController.php(869): CBaseController->renderFile('/var/www/poayii...', Array, true)
#19 /var/www/yiiFramework/framework/web/CController.php(782): CController->renderPartial('index', Array, true)
#20 /var/www/poayii/protected/controllers/CaratulaPoaController.php(152): CController->render('index', Array)
#21 /var/www/yiiFramework/framework/web/actions/CInlineAction.php(49): CaratulaPoaController->actionIndex()
#22 /var/www/yiiFramework/framework/web/CController.php(308): CInlineAction->runWithParams(Array)
#23 /var/www/yiiFramework/framework/web/filters/CFilterChain.php(133): CController->runAction(Object(CInlineAction))
#24 /var/www/yiiFramework/framework/web/filters/CFilter.php(40): CFilterChain->run()
#25 /var/www/yiiFramework/framework/web/CController.php(1145): CFilter->filter(Object(CFilterChain))
#26 /var/www/yiiFramework/framework/web/filters/CInlineFilter.php(58): CController->filterAccessControl(Object(CFilterChain))
#27 /var/www/yiiFramework/framework/web/filters/CFilterChain.php(130): CInlineFilter->filter(Object(CFilterChain))
#28 /var/www/yiiFramework/framework/web/CController.php(291): CFilterChain->run()
#29 /var/www/yiiFramework/framework/web/CController.php(265): CController->runActionWithFilters(Object(CInlineAction), Array)
#30 /var/www/yiiFramework/framework/web/CWebApplication.php(282): CController->run('')
#31 /var/www/yiiFramework/framework/web/CWebApplication.php(141): CWebApplication->runController('caratulaPoa')
#32 /var/www/yiiFramework/framework/base/CApplication.php(180): CWebApplication->processRequest()
#33 /var/www/poayii/index.php(13): CApplication->run()
#34 {main}
REQUEST_URI=/poayii/caratulaPoa
---
2014/01/10 10:35:10 [error] [exception.CDbException] exception 'CDbException' with message 'CDbConnection failed to open the DB connection: SQLSTATE[08006] [7] FATAL:  password authentication failed for user "usrpoa"
FATAL:  password authentication failed for user "usrpoa"' in /var/www/yiiFramework/framework/db/CDbConnection.php:382
Stack trace:
#0 /var/www/yiiFramework/framework/db/CDbConnection.php(330): CDbConnection->open()
#1 /var/www/yiiFramework/framework/db/CDbConnection.php(308): CDbConnection->setActive(true)
#2 /var/www/yiiFramework/framework/base/CModule.php(387): CDbConnection->init()
#3 /var/www/yiiFramework/framework/base/CApplication.php(450): CModule->getComponent('db')
#4 /var/www/yiiFramework/framework/db/ar/CActiveRecord.php(634): CApplication->getDb()
#5 /var/www/yiiFramework/framework/db/ar/CActiveRecord.php(667): CActiveRecord->getDbConnection()
#6 /var/www/yiiFramework/framework/db/ar/CActiveRecord.php(1595): CActiveRecord->getCommandBuilder()
#7 /var/www/yiiFramework/framework/web/CActiveDataProvider.php(228): CActiveRecord->count(Object(CDbCriteria))
#8 /var/www/yiiFramework/framework/web/CDataProvider.php(224): CActiveDataProvider->calculateTotalItemCount()
#9 /var/www/yiiFramework/framework/web/CActiveDataProvider.php(178): CDataProvider->getTotalItemCount()
#10 /var/www/yiiFramework/framework/web/CDataProvider.php(168): CActiveDataProvider->fetchData()
#11 /var/www/yiiFramework/framework/zii/widgets/CBaseListView.php(111): CDataProvider->getData()
#12 /var/www/yiiFramework/framework/zii/widgets/CListView.php(211): CBaseListView->init()
#13 /var/www/yiiFramework/framework/web/CBaseController.php(147): CListView->init()
#14 /var/www/yiiFramework/framework/web/CBaseController.php(172): CBaseController->createWidget('zii.widgets.CLi...', Array)
#15 /var/www/poayii/protected/views/caratulaPoa/index.php(20): CBaseController->widget('zii.widgets.CLi...', Array)
#16 /var/www/yiiFramework/framework/web/CBaseController.php(126): require('/var/www/poayii...')
#17 /var/www/yiiFramework/framework/web/CBaseController.php(95): CBaseController->renderInternal('/var/www/poayii...', Array, true)
#18 /var/www/yiiFramework/framework/web/CController.php(869): CBaseController->renderFile('/var/www/poayii...', Array, true)
#19 /var/www/yiiFramework/framework/web/CController.php(782): CController->renderPartial('index', Array, true)
#20 /var/www/poayii/protected/controllers/CaratulaPoaController.php(152): CController->render('index', Array)
#21 /var/www/yiiFramework/framework/web/actions/CInlineAction.php(49): CaratulaPoaController->actionIndex()
#22 /var/www/yiiFramework/framework/web/CController.php(308): CInlineAction->runWithParams(Array)
#23 /var/www/yiiFramework/framework/web/filters/CFilterChain.php(133): CController->runAction(Object(CInlineAction))
#24 /var/www/yiiFramework/framework/web/filters/CFilter.php(40): CFilterChain->run()
#25 /var/www/yiiFramework/framework/web/CController.php(1145): CFilter->filter(Object(CFilterChain))
#26 /var/www/yiiFramework/framework/web/filters/CInlineFilter.php(58): CController->filterAccessControl(Object(CFilterChain))
#27 /var/www/yiiFramework/framework/web/filters/CFilterChain.php(130): CInlineFilter->filter(Object(CFilterChain))
#28 /var/www/yiiFramework/framework/web/CController.php(291): CFilterChain->run()
#29 /var/www/yiiFramework/framework/web/CController.php(265): CController->runActionWithFilters(Object(CInlineAction), Array)
#30 /var/www/yiiFramework/framework/web/CWebApplication.php(282): CController->run('')
#31 /var/www/yiiFramework/framework/web/CWebApplication.php(141): CWebApplication->runController('caratulaPoa')
#32 /var/www/yiiFramework/framework/base/CApplication.php(180): CWebApplication->processRequest()
#33 /var/www/poayii/index.php(13): CApplication->run()
#34 {main}
REQUEST_URI=/poayii/caratulaPoa
---
2014/01/10 10:35:12 [error] [exception.CDbException] exception 'CDbException' with message 'CDbConnection failed to open the DB connection: SQLSTATE[08006] [7] FATAL:  password authentication failed for user "usrpoa"
FATAL:  password authentication failed for user "usrpoa"' in /var/www/yiiFramework/framework/db/CDbConnection.php:382
Stack trace:
#0 /var/www/yiiFramework/framework/db/CDbConnection.php(330): CDbConnection->open()
#1 /var/www/yiiFramework/framework/db/CDbConnection.php(308): CDbConnection->setActive(true)
#2 /var/www/yiiFramework/framework/base/CModule.php(387): CDbConnection->init()
#3 /var/www/yiiFramework/framework/base/CApplication.php(450): CModule->getComponent('db')
#4 /var/www/yiiFramework/framework/db/ar/CActiveRecord.php(634): CApplication->getDb()
#5 /var/www/yiiFramework/framework/db/ar/CActiveRecord.php(667): CActiveRecord->getDbConnection()
#6 /var/www/yiiFramework/framework/db/ar/CActiveRecord.php(1595): CActiveRecord->getCommandBuilder()
#7 /var/www/yiiFramework/framework/web/CActiveDataProvider.php(228): CActiveRecord->count(Object(CDbCriteria))
#8 /var/www/yiiFramework/framework/web/CDataProvider.php(224): CActiveDataProvider->calculateTotalItemCount()
#9 /var/www/yiiFramework/framework/web/CActiveDataProvider.php(178): CDataProvider->getTotalItemCount()
#10 /var/www/yiiFramework/framework/web/CDataProvider.php(168): CActiveDataProvider->fetchData()
#11 /var/www/yiiFramework/framework/zii/widgets/CBaseListView.php(111): CDataProvider->getData()
#12 /var/www/yiiFramework/framework/zii/widgets/CListView.php(211): CBaseListView->init()
#13 /var/www/yiiFramework/framework/web/CBaseController.php(147): CListView->init()
#14 /var/www/yiiFramework/framework/web/CBaseController.php(172): CBaseController->createWidget('zii.widgets.CLi...', Array)
#15 /var/www/poayii/protected/views/caratulaPoa/index.php(20): CBaseController->widget('zii.widgets.CLi...', Array)
#16 /var/www/yiiFramework/framework/web/CBaseController.php(126): require('/var/www/poayii...')
#17 /var/www/yiiFramework/framework/web/CBaseController.php(95): CBaseController->renderInternal('/var/www/poayii...', Array, true)
#18 /var/www/yiiFramework/framework/web/CController.php(869): CBaseController->renderFile('/var/www/poayii...', Array, true)
#19 /var/www/yiiFramework/framework/web/CController.php(782): CController->renderPartial('index', Array, true)
#20 /var/www/poayii/protected/controllers/CaratulaPoaController.php(152): CController->render('index', Array)
#21 /var/www/yiiFramework/framework/web/actions/CInlineAction.php(49): CaratulaPoaController->actionIndex()
#22 /var/www/yiiFramework/framework/web/CController.php(308): CInlineAction->runWithParams(Array)
#23 /var/www/yiiFramework/framework/web/filters/CFilterChain.php(133): CController->runAction(Object(CInlineAction))
#24 /var/www/yiiFramework/framework/web/filters/CFilter.php(40): CFilterChain->run()
#25 /var/www/yiiFramework/framework/web/CController.php(1145): CFilter->filter(Object(CFilterChain))
#26 /var/www/yiiFramework/framework/web/filters/CInlineFilter.php(58): CController->filterAccessControl(Object(CFilterChain))
#27 /var/www/yiiFramework/framework/web/filters/CFilterChain.php(130): CInlineFilter->filter(Object(CFilterChain))
#28 /var/www/yiiFramework/framework/web/CController.php(291): CFilterChain->run()
#29 /var/www/yiiFramework/framework/web/CController.php(265): CController->runActionWithFilters(Object(CInlineAction), Array)
#30 /var/www/yiiFramework/framework/web/CWebApplication.php(282): CController->run('')
#31 /var/www/yiiFramework/framework/web/CWebApplication.php(141): CWebApplication->runController('caratulaPoa')
#32 /var/www/yiiFramework/framework/base/CApplication.php(180): CWebApplication->processRequest()
#33 /var/www/poayii/index.php(13): CApplication->run()
#34 {main}
REQUEST_URI=/poayii/caratulaPoa
---
2014/01/10 10:35:13 [error] [exception.CDbException] exception 'CDbException' with message 'CDbConnection failed to open the DB connection: SQLSTATE[08006] [7] FATAL:  password authentication failed for user "usrpoa"
FATAL:  password authentication failed for user "usrpoa"' in /var/www/yiiFramework/framework/db/CDbConnection.php:382
Stack trace:
#0 /var/www/yiiFramework/framework/db/CDbConnection.php(330): CDbConnection->open()
#1 /var/www/yiiFramework/framework/db/CDbConnection.php(308): CDbConnection->setActive(true)
#2 /var/www/yiiFramework/framework/base/CModule.php(387): CDbConnection->init()
#3 /var/www/yiiFramework/framework/base/CApplication.php(450): CModule->getComponent('db')
#4 /var/www/yiiFramework/framework/db/ar/CActiveRecord.php(634): CApplication->getDb()
#5 /var/www/yiiFramework/framework/db/ar/CActiveRecord.php(667): CActiveRecord->getDbConnection()
#6 /var/www/yiiFramework/framework/db/ar/CActiveRecord.php(1595): CActiveRecord->getCommandBuilder()
#7 /var/www/yiiFramework/framework/web/CActiveDataProvider.php(228): CActiveRecord->count(Object(CDbCriteria))
#8 /var/www/yiiFramework/framework/web/CDataProvider.php(224): CActiveDataProvider->calculateTotalItemCount()
#9 /var/www/yiiFramework/framework/web/CActiveDataProvider.php(178): CDataProvider->getTotalItemCount()
#10 /var/www/yiiFramework/framework/web/CDataProvider.php(168): CActiveDataProvider->fetchData()
#11 /var/www/yiiFramework/framework/zii/widgets/CBaseListView.php(111): CDataProvider->getData()
#12 /var/www/yiiFramework/framework/zii/widgets/CListView.php(211): CBaseListView->init()
#13 /var/www/yiiFramework/framework/web/CBaseController.php(147): CListView->init()
#14 /var/www/yiiFramework/framework/web/CBaseController.php(172): CBaseController->createWidget('zii.widgets.CLi...', Array)
#15 /var/www/poayii/protected/views/caratulaPoa/index.php(20): CBaseController->widget('zii.widgets.CLi...', Array)
#16 /var/www/yiiFramework/framework/web/CBaseController.php(126): require('/var/www/poayii...')
#17 /var/www/yiiFramework/framework/web/CBaseController.php(95): CBaseController->renderInternal('/var/www/poayii...', Array, true)
#18 /var/www/yiiFramework/framework/web/CController.php(869): CBaseController->renderFile('/var/www/poayii...', Array, true)
#19 /var/www/yiiFramework/framework/web/CController.php(782): CController->renderPartial('index', Array, true)
#20 /var/www/poayii/protected/controllers/CaratulaPoaController.php(152): CController->render('index', Array)
#21 /var/www/yiiFramework/framework/web/actions/CInlineAction.php(49): CaratulaPoaController->actionIndex()
#22 /var/www/yiiFramework/framework/web/CController.php(308): CInlineAction->runWithParams(Array)
#23 /var/www/yiiFramework/framework/web/filters/CFilterChain.php(133): CController->runAction(Object(CInlineAction))
#24 /var/www/yiiFramework/framework/web/filters/CFilter.php(40): CFilterChain->run()
#25 /var/www/yiiFramework/framework/web/CController.php(1145): CFilter->filter(Object(CFilterChain))
#26 /var/www/yiiFramework/framework/web/filters/CInlineFilter.php(58): CController->filterAccessControl(Object(CFilterChain))
#27 /var/www/yiiFramework/framework/web/filters/CFilterChain.php(130): CInlineFilter->filter(Object(CFilterChain))
#28 /var/www/yiiFramework/framework/web/CController.php(291): CFilterChain->run()
#29 /var/www/yiiFramework/framework/web/CController.php(265): CController->runActionWithFilters(Object(CInlineAction), Array)
#30 /var/www/yiiFramework/framework/web/CWebApplication.php(282): CController->run('')
#31 /var/www/yiiFramework/framework/web/CWebApplication.php(141): CWebApplication->runController('caratulaPoa')
#32 /var/www/yiiFramework/framework/base/CApplication.php(180): CWebApplication->processRequest()
#33 /var/www/poayii/index.php(13): CApplication->run()
#34 {main}
REQUEST_URI=/poayii/caratulaPoa
---
2014/01/10 10:35:13 [error] [exception.CDbException] exception 'CDbException' with message 'CDbConnection failed to open the DB connection: SQLSTATE[08006] [7] FATAL:  password authentication failed for user "usrpoa"
FATAL:  password authentication failed for user "usrpoa"' in /var/www/yiiFramework/framework/db/CDbConnection.php:382
Stack trace:
#0 /var/www/yiiFramework/framework/db/CDbConnection.php(330): CDbConnection->open()
#1 /var/www/yiiFramework/framework/db/CDbConnection.php(308): CDbConnection->setActive(true)
#2 /var/www/yiiFramework/framework/base/CModule.php(387): CDbConnection->init()
#3 /var/www/yiiFramework/framework/base/CApplication.php(450): CModule->getComponent('db')
#4 /var/www/yiiFramework/framework/db/ar/CActiveRecord.php(634): CApplication->getDb()
#5 /var/www/yiiFramework/framework/db/ar/CActiveRecord.php(667): CActiveRecord->getDbConnection()
#6 /var/www/yiiFramework/framework/db/ar/CActiveRecord.php(1595): CActiveRecord->getCommandBuilder()
#7 /var/www/yiiFramework/framework/web/CActiveDataProvider.php(228): CActiveRecord->count(Object(CDbCriteria))
#8 /var/www/yiiFramework/framework/web/CDataProvider.php(224): CActiveDataProvider->calculateTotalItemCount()
#9 /var/www/yiiFramework/framework/web/CActiveDataProvider.php(178): CDataProvider->getTotalItemCount()
#10 /var/www/yiiFramework/framework/web/CDataProvider.php(168): CActiveDataProvider->fetchData()
#11 /var/www/yiiFramework/framework/zii/widgets/CBaseListView.php(111): CDataProvider->getData()
#12 /var/www/yiiFramework/framework/zii/widgets/CListView.php(211): CBaseListView->init()
#13 /var/www/yiiFramework/framework/web/CBaseController.php(147): CListView->init()
#14 /var/www/yiiFramework/framework/web/CBaseController.php(172): CBaseController->createWidget('zii.widgets.CLi...', Array)
#15 /var/www/poayii/protected/views/caratulaPoa/index.php(20): CBaseController->widget('zii.widgets.CLi...', Array)
#16 /var/www/yiiFramework/framework/web/CBaseController.php(126): require('/var/www/poayii...')
#17 /var/www/yiiFramework/framework/web/CBaseController.php(95): CBaseController->renderInternal('/var/www/poayii...', Array, true)
#18 /var/www/yiiFramework/framework/web/CController.php(869): CBaseController->renderFile('/var/www/poayii...', Array, true)
#19 /var/www/yiiFramework/framework/web/CController.php(782): CController->renderPartial('index', Array, true)
#20 /var/www/poayii/protected/controllers/CaratulaPoaController.php(152): CController->render('index', Array)
#21 /var/www/yiiFramework/framework/web/actions/CInlineAction.php(49): CaratulaPoaController->actionIndex()
#22 /var/www/yiiFramework/framework/web/CController.php(308): CInlineAction->runWithParams(Array)
#23 /var/www/yiiFramework/framework/web/filters/CFilterChain.php(133): CController->runAction(Object(CInlineAction))
#24 /var/www/yiiFramework/framework/web/filters/CFilter.php(40): CFilterChain->run()
#25 /var/www/yiiFramework/framework/web/CController.php(1145): CFilter->filter(Object(CFilterChain))
#26 /var/www/yiiFramework/framework/web/filters/CInlineFilter.php(58): CController->filterAccessControl(Object(CFilterChain))
#27 /var/www/yiiFramework/framework/web/filters/CFilterChain.php(130): CInlineFilter->filter(Object(CFilterChain))
#28 /var/www/yiiFramework/framework/web/CController.php(291): CFilterChain->run()
#29 /var/www/yiiFramework/framework/web/CController.php(265): CController->runActionWithFilters(Object(CInlineAction), Array)
#30 /var/www/yiiFramework/framework/web/CWebApplication.php(282): CController->run('')
#31 /var/www/yiiFramework/framework/web/CWebApplication.php(141): CWebApplication->runController('caratulaPoa')
#32 /var/www/yiiFramework/framework/base/CApplication.php(180): CWebApplication->processRequest()
#33 /var/www/poayii/index.php(13): CApplication->run()
#34 {main}
REQUEST_URI=/poayii/caratulaPoa
---
